<?xml version="1.0" encoding="UTF-8"?>
<testng-results skipped="0" failed="0" total="2" passed="2">
  <reporter-output>
  </reporter-output>
  <suite name="Suite" duration-ms="28459" started-at="2016-09-10T10:43:25Z" finished-at="2016-09-10T10:43:54Z">
    <groups>
    </groups>
    <test name="ChromeTest" duration-ms="12217" started-at="2016-09-10T10:43:25Z" finished-at="2016-09-10T10:43:38Z">
      <class name="delta.main.DeltaDriver">
        <test-method status="PASS" signature="initFrameWork()[pri:0, instance:delta.main.DeltaDriver@204f30ec]" name="initFrameWork" is-config="true" duration-ms="325" started-at="2016-09-10T16:13:25Z" finished-at="2016-09-10T16:13:26Z">
          <reporter-output>
          </reporter-output>
        </test-method> <!-- initFrameWork -->
        <test-method status="PASS" signature="launchApp(org.testng.xml.XmlTest)[pri:0, instance:delta.main.DeltaDriver@204f30ec]" name="launchApp" is-config="true" duration-ms="8946" started-at="2016-09-10T16:13:27Z" finished-at="2016-09-10T16:13:36Z">
          <params>
            <param index="0">
              <value>
                <![CDATA[[Test: "ChromeTest" verbose:1[parameters:browser=>chrome][metagroups:] [included: ][excluded: ]  classes:[XmlClass class=delta.main.DeltaDriver]  packages:] ]]>
              </value>
            </param>
          </params>
          <reporter-output>
          </reporter-output>
        </test-method> <!-- launchApp -->
        <test-method status="PASS" signature="testScenarios(java.lang.String, java.lang.String)[pri:0, instance:delta.main.DeltaDriver@204f30ec]" name="testScenarios" duration-ms="849" started-at="2016-09-10T16:13:36Z" data-provider="getScenario" finished-at="2016-09-10T16:13:36Z">
          <params>
            <param index="0">
              <value>
                <![CDATA[scenario1]]>
              </value>
            </param>
            <param index="1">
              <value>
                <![CDATA[Yes]]>
              </value>
            </param>
          </params>
          <reporter-output>
          </reporter-output>
        </test-method> <!-- testScenarios -->
        <test-method status="PASS" signature="quitApp(org.testng.ITestResult)[pri:0, instance:delta.main.DeltaDriver@204f30ec]" name="quitApp" is-config="true" duration-ms="381" started-at="2016-09-10T16:13:36Z" finished-at="2016-09-10T16:13:37Z">
          <params>
            <param index="0">
              <value>
                <![CDATA[[TestResult name=testScenarios status=SUCCESS method=DeltaDriver.testScenarios(java.lang.String, java.lang.String)[pri:0, instance:delta.main.DeltaDriver@204f30ec] output={null}]]]>
              </value>
            </param>
          </params>
          <reporter-output>
          </reporter-output>
        </test-method> <!-- quitApp -->
        <test-method status="PASS" signature="endFramework()[pri:0, instance:delta.main.DeltaDriver@204f30ec]" name="endFramework" is-config="true" duration-ms="741" started-at="2016-09-10T16:13:37Z" finished-at="2016-09-10T16:13:38Z">
          <reporter-output>
          </reporter-output>
        </test-method> <!-- endFramework -->
      </class> <!-- delta.main.DeltaDriver -->
    </test> <!-- ChromeTest -->
    <test name="FireFoxTest" duration-ms="28459" started-at="2016-09-10T10:43:25Z" finished-at="2016-09-10T10:43:54Z">
      <class name="delta.main.DeltaDriver">
        <test-method status="PASS" signature="initFrameWork()[pri:0, instance:delta.main.DeltaDriver@3fee9989]" name="initFrameWork" is-config="true" duration-ms="324" started-at="2016-09-10T16:13:25Z" finished-at="2016-09-10T16:13:26Z">
          <reporter-output>
          </reporter-output>
        </test-method> <!-- initFrameWork -->
        <test-method status="PASS" signature="launchApp(org.testng.xml.XmlTest)[pri:0, instance:delta.main.DeltaDriver@3fee9989]" name="launchApp" is-config="true" duration-ms="22609" started-at="2016-09-10T16:13:27Z" finished-at="2016-09-10T16:13:49Z">
          <params>
            <param index="0">
              <value>
                <![CDATA[[Test: "FireFoxTest" verbose:1[parameters:browser=>firefox][metagroups:] [included: ][excluded: ]  classes:[XmlClass class=delta.main.DeltaDriver]  packages:] ]]>
              </value>
            </param>
          </params>
          <reporter-output>
          </reporter-output>
        </test-method> <!-- launchApp -->
        <test-method status="PASS" signature="testScenarios(java.lang.String, java.lang.String)[pri:0, instance:delta.main.DeltaDriver@3fee9989]" name="testScenarios" duration-ms="4003" started-at="2016-09-10T16:13:49Z" data-provider="getScenario" finished-at="2016-09-10T16:13:53Z">
          <params>
            <param index="0">
              <value>
                <![CDATA[scenario1]]>
              </value>
            </param>
            <param index="1">
              <value>
                <![CDATA[Yes]]>
              </value>
            </param>
          </params>
          <reporter-output>
          </reporter-output>
        </test-method> <!-- testScenarios -->
        <test-method status="PASS" signature="quitApp(org.testng.ITestResult)[pri:0, instance:delta.main.DeltaDriver@3fee9989]" name="quitApp" is-config="true" duration-ms="45" started-at="2016-09-10T16:13:53Z" finished-at="2016-09-10T16:13:53Z">
          <params>
            <param index="0">
              <value>
                <![CDATA[[TestResult name=testScenarios status=SUCCESS method=DeltaDriver.testScenarios(java.lang.String, java.lang.String)[pri:0, instance:delta.main.DeltaDriver@3fee9989] output={null}]]]>
              </value>
            </param>
          </params>
          <reporter-output>
          </reporter-output>
        </test-method> <!-- quitApp -->
        <test-method status="PASS" signature="endFramework()[pri:0, instance:delta.main.DeltaDriver@3fee9989]" name="endFramework" is-config="true" duration-ms="482" started-at="2016-09-10T16:13:53Z" finished-at="2016-09-10T16:13:54Z">
          <reporter-output>
          </reporter-output>
        </test-method> <!-- endFramework -->
      </class> <!-- delta.main.DeltaDriver -->
    </test> <!-- FireFoxTest -->
  </suite> <!-- Suite -->
</testng-results>
